Determining if the pthread_create exist failed with the following output:
Change Dir: /home/tapdk/model1/build/CMakeFiles/CMakeTmp

Run Build Command:"/usr/bin/make" "cmTC_0208a/fast"
/usr/bin/make -f CMakeFiles/cmTC_0208a.dir/build.make CMakeFiles/cmTC_0208a.dir/build
make[1]: Entering directory '/home/tapdk/model1/build/CMakeFiles/CMakeTmp'
Building C object CMakeFiles/cmTC_0208a.dir/CheckSymbolExists.c.o
/usr/bin/cc    -o CMakeFiles/cmTC_0208a.dir/CheckSymbolExists.c.o   -c /home/tapdk/model1/build/CMakeFiles/CMakeTmp/CheckSymbolExists.c
Linking C executable cmTC_0208a
/usr/bin/cmake -E cmake_link_script CMakeFiles/cmTC_0208a.dir/link.txt --verbose=1
/usr/bin/cc      -rdynamic CMakeFiles/cmTC_0208a.dir/CheckSymbolExists.c.o  -o cmTC_0208a 
CMakeFiles/cmTC_0208a.dir/CheckSymbolExists.c.o: In function `main':
CheckSymbolExists.c:(.text+0x1b): undefined reference to `pthread_create'
collect2: error: ld returned 1 exit status
CMakeFiles/cmTC_0208a.dir/build.make:97: recipe for target 'cmTC_0208a' failed
make[1]: *** [cmTC_0208a] Error 1
make[1]: Leaving directory '/home/tapdk/model1/build/CMakeFiles/CMakeTmp'
Makefile:126: recipe for target 'cmTC_0208a/fast' failed
make: *** [cmTC_0208a/fast] Error 2

File /home/tapdk/model1/build/CMakeFiles/CMakeTmp/CheckSymbolExists.c:
/* */
#include <pthread.h>

int main(int argc, char** argv)
{
  (void)argv;
#ifndef pthread_create
  return ((int*)(&pthread_create))[argc];
#else
  (void)argc;
  return 0;
#endif
}

Determining if the function pthread_create exists in the pthreads failed with the following output:
Change Dir: /home/tapdk/model1/build/CMakeFiles/CMakeTmp

Run Build Command:"/usr/bin/make" "cmTC_1147e/fast"
/usr/bin/make -f CMakeFiles/cmTC_1147e.dir/build.make CMakeFiles/cmTC_1147e.dir/build
make[1]: Entering directory '/home/tapdk/model1/build/CMakeFiles/CMakeTmp'
Building C object CMakeFiles/cmTC_1147e.dir/CheckFunctionExists.c.o
/usr/bin/cc   -DCHECK_FUNCTION_EXISTS=pthread_create   -o CMakeFiles/cmTC_1147e.dir/CheckFunctionExists.c.o   -c /usr/share/cmake-3.10/Modules/CheckFunctionExists.c
Linking C executable cmTC_1147e
/usr/bin/cmake -E cmake_link_script CMakeFiles/cmTC_1147e.dir/link.txt --verbose=1
/usr/bin/cc  -DCHECK_FUNCTION_EXISTS=pthread_create    -rdynamic CMakeFiles/cmTC_1147e.dir/CheckFunctionExists.c.o  -o cmTC_1147e -lpthreads 
/usr/bin/ld: cannot find -lpthreads
collect2: error: ld returned 1 exit status
CMakeFiles/cmTC_1147e.dir/build.make:97: recipe for target 'cmTC_1147e' failed
make[1]: *** [cmTC_1147e] Error 1
make[1]: Leaving directory '/home/tapdk/model1/build/CMakeFiles/CMakeTmp'
Makefile:126: recipe for target 'cmTC_1147e/fast' failed
make: *** [cmTC_1147e/fast] Error 2


